#
# There is insufficient memory for the Java Runtime Environment to continue.
# Native memory allocation (malloc) failed to allocate 1987936 bytes for Chunk::new
# Possible reasons:
#   The system is out of physical RAM or swap space
#   The process is running with CompressedOops enabled, and the Java Heap may be blocking the growth of the native heap
# Possible solutions:
#   Reduce memory load on the system
#   Increase physical memory or swap space
#   Check if swap backing store is full
#   Decrease Java heap size (-Xmx/-Xms)
#   Decrease number of Java threads
#   Decrease Java thread stack sizes (-Xss)
#   Set larger code cache with -XX:ReservedCodeCacheSize=
#   JVM is running with Unscaled Compressed Oops mode in which the Java heap is
#     placed in the first 4GB address space. The Java Heap base address is the
#     maximum limit for the native heap growth. Please use -XX:HeapBaseMinAddress
#     to set the Java Heap base and to place the Java Heap above 4GB virtual address.
# This output file may be truncated or incomplete.
#
#  Out of Memory Error (arena.cpp:191), pid=10072, tid=2904
#
# JRE version: OpenJDK Runtime Environment Temurin-17.0.10+7 (17.0.10+7) (build 17.0.10+7)
# Java VM: OpenJDK 64-Bit Server VM Temurin-17.0.10+7 (17.0.10+7, mixed mode, tiered, compressed oops, compressed class ptrs, g1 gc, windows-amd64)
# No core dump will be written. Minidumps are not enabled by default on client versions of Windows
#

---------------  S U M M A R Y ------------

Command Line: -XX:+ShowCodeDetailsInExceptionMessages com.sebas.demo.VizyonApplication

Host: Intel(R) Core(TM) i3-10110U CPU @ 2.10GHz, 4 cores, 3G,  Windows 10 , 64 bit Build 19041 (10.0.19041.3636)
Time: Tue Apr 23 18:51:07 2024 Hora est. Pacífico, Sudamérica elapsed time: 5.325713 seconds (0d 0h 0m 5s)

---------------  T H R E A D  ---------------

Current thread (0x000001e542857450):  JavaThread "C2 CompilerThread0" daemon [_thread_in_native, id=2904, stack(0x000000d9ce300000,0x000000d9ce400000)]


Current CompileTask:
C2:   5325 3923       4       org.springframework.boot.context.properties.source.ConfigurationPropertyName$ElementsParser::parse (234 bytes)

Stack: [0x000000d9ce300000,0x000000d9ce400000]
Native frames: (J=compiled Java code, j=interpreted, Vv=VM code, C=native code)
V  [jvm.dll+0x67d2c9]
V  [jvm.dll+0x834afa]
V  [jvm.dll+0x8365be]
V  [jvm.dll+0x836c23]
V  [jvm.dll+0x2477ff]
V  [jvm.dll+0xac514]
V  [jvm.dll+0xacb5c]
V  [jvm.dll+0x3667d7]
V  [jvm.dll+0x1bcf72]
V  [jvm.dll+0x21a049]
V  [jvm.dll+0x219311]
V  [jvm.dll+0x1a502d]
V  [jvm.dll+0x2290de]
V  [jvm.dll+0x2272ac]
V  [jvm.dll+0x7e9bb7]
V  [jvm.dll+0x7e3fba]
V  [jvm.dll+0x67c1b5]
C  [ucrtbase.dll+0x21bb2]
C  [KERNEL32.DLL+0x17344]
C  [ntdll.dll+0x526b1]


---------------  P R O C E S S  ---------------

Threads class SMR info:
_java_thread_list=0x000001e548d21cd0, length=15, elements={
0x000001e52a13dff0, 0x000001e54280b790, 0x000001e54280c610, 0x000001e54284e010,
0x000001e54284faf0, 0x000001e5428505c0, 0x000001e5428532a0, 0x000001e542857450,
0x000001e54287fe30, 0x000001e542882f30, 0x000001e542b01160, 0x000001e542b096f0,
0x000001e547947200, 0x000001e5477d9fe0, 0x000001e5477e34b0
}

Java Threads: ( => current thread )
  0x000001e52a13dff0 JavaThread "main" [_thread_blocked, id=11908, stack(0x000000d9cd600000,0x000000d9cd700000)]
  0x000001e54280b790 JavaThread "Reference Handler" daemon [_thread_blocked, id=13816, stack(0x000000d9cdd00000,0x000000d9cde00000)]
  0x000001e54280c610 JavaThread "Finalizer" daemon [_thread_blocked, id=14280, stack(0x000000d9cde00000,0x000000d9cdf00000)]
  0x000001e54284e010 JavaThread "Signal Dispatcher" daemon [_thread_blocked, id=8880, stack(0x000000d9cdf00000,0x000000d9ce000000)]
  0x000001e54284faf0 JavaThread "Attach Listener" daemon [_thread_blocked, id=5804, stack(0x000000d9ce000000,0x000000d9ce100000)]
  0x000001e5428505c0 JavaThread "Service Thread" daemon [_thread_blocked, id=2156, stack(0x000000d9ce100000,0x000000d9ce200000)]
  0x000001e5428532a0 JavaThread "Monitor Deflation Thread" daemon [_thread_blocked, id=6816, stack(0x000000d9ce200000,0x000000d9ce300000)]
=>0x000001e542857450 JavaThread "C2 CompilerThread0" daemon [_thread_in_native, id=2904, stack(0x000000d9ce300000,0x000000d9ce400000)]
  0x000001e54287fe30 JavaThread "C1 CompilerThread0" daemon [_thread_blocked, id=13460, stack(0x000000d9ce400000,0x000000d9ce500000)]
  0x000001e542882f30 JavaThread "Sweeper thread" daemon [_thread_blocked, id=8224, stack(0x000000d9ce500000,0x000000d9ce600000)]
  0x000001e542b01160 JavaThread "Notification Thread" daemon [_thread_blocked, id=14224, stack(0x000000d9ce600000,0x000000d9ce700000)]
  0x000001e542b096f0 JavaThread "Common-Cleaner" daemon [_thread_blocked, id=14084, stack(0x000000d9ce800000,0x000000d9ce900000)]
  0x000001e547947200 JavaThread "Thread-0" [_thread_blocked, id=10504, stack(0x000000d9cec00000,0x000000d9ced00000)]
  0x000001e5477d9fe0 JavaThread "restartedMain" [_thread_in_native, id=896, stack(0x000000d9ced00000,0x000000d9cee00000)]
  0x000001e5477e34b0 JavaThread "mysql-cj-abandoned-connection-cleanup" daemon [_thread_blocked, id=11748, stack(0x000000d9cee00000,0x000000d9cef00000)]

Other Threads:
  0x000001e5427e5a00 VMThread "VM Thread" [stack: 0x000000d9cdc00000,0x000000d9cdd00000] [id=10740]
  0x000001e542b03a60 WatcherThread [stack: 0x000000d9ce700000,0x000000d9ce800000] [id=7276]
  0x000001e52c294280 GCTaskThread "GC Thread#0" [stack: 0x000000d9cd700000,0x000000d9cd800000] [id=12516]
  0x000001e547645390 GCTaskThread "GC Thread#1" [stack: 0x000000d9ce900000,0x000000d9cea00000] [id=2004]
  0x000001e54755aeb0 GCTaskThread "GC Thread#2" [stack: 0x000000d9cea00000,0x000000d9ceb00000] [id=1392]
  0x000001e54755b170 GCTaskThread "GC Thread#3" [stack: 0x000000d9ceb00000,0x000000d9cec00000] [id=9424]
  0x000001e52c29dc60 ConcurrentGCThread "G1 Main Marker" [stack: 0x000000d9cd800000,0x000000d9cd900000] [id=9300]
  0x000001e52c29ee20 ConcurrentGCThread "G1 Conc#0" [stack: 0x000000d9cd900000,0x000000d9cda00000] [id=8132]
  0x000001e52c2dcad0 ConcurrentGCThread "G1 Refine#0" [stack: 0x000000d9cda00000,0x000000d9cdb00000] [id=9532]
  0x000001e52c2de510 ConcurrentGCThread "G1 Service" [stack: 0x000000d9cdb00000,0x000000d9cdc00000] [id=10284]

Threads with active compile tasks:
C2 CompilerThread0     5348 3923       4       org.springframework.boot.context.properties.source.ConfigurationPropertyName$ElementsParser::parse (234 bytes)

VM state: not at safepoint (normal execution)

VM Mutex/Monitor currently owned by a thread: None

Heap address: 0x00000000c2c00000, size: 980 MB, Compressed Oops mode: 32-bit

CDS archive(s) not mapped
Compressed class space mapped at: 0x0000000100000000-0x0000000140000000, reserved size: 1073741824
Narrow klass base: 0x0000000000000000, Narrow klass shift: 3, Narrow klass range: 0x140000000

GC Precious Log:
 CPUs: 4 total, 4 available
 Memory: 3918M
 Large Page Support: Disabled
 NUMA Support: Disabled
 Compressed Oops: Enabled (32-bit)
 Heap Region Size: 1M
 Heap Min Capacity: 8M
 Heap Initial Capacity: 62M
 Heap Max Capacity: 980M
 Pre-touch: Disabled
 Parallel Workers: 4
 Concurrent Workers: 1
 Concurrent Refinement Workers: 4
 Periodic GC: Disabled

Heap:
 garbage-first heap   total 49152K, used 27603K [0x00000000c2c00000, 0x0000000100000000)
  region size 1024K, 12 young (12288K), 3 survivors (3072K)
 Metaspace       used 44274K, committed 44736K, reserved 1114112K
  class space    used 5541K, committed 5760K, reserved 1048576K

Heap Regions: E=young(eden), S=young(survivor), O=old, HS=humongous(starts), HC=humongous(continues), CS=collection set, F=free, OA=open archive, CA=closed archive, TAMS=top-at-mark-start (previous, next)
|   0|0x00000000c2c00000, 0x00000000c2d00000, 0x00000000c2d00000|100%|HS|  |TAMS 0x00000000c2d00000, 0x00000000c2c00000| Complete 
|   1|0x00000000c2d00000, 0x00000000c2e00000, 0x00000000c2e00000|100%| O|  |TAMS 0x00000000c2e00000, 0x00000000c2d00000| Untracked 
|   2|0x00000000c2e00000, 0x00000000c2f00000, 0x00000000c2f00000|100%| O|  |TAMS 0x00000000c2f00000, 0x00000000c2e00000| Untracked 
|   3|0x00000000c2f00000, 0x00000000c3000000, 0x00000000c3000000|100%| O|  |TAMS 0x00000000c3000000, 0x00000000c2f00000| Untracked 
|   4|0x00000000c3000000, 0x00000000c3100000, 0x00000000c3100000|100%| O|  |TAMS 0x00000000c3100000, 0x00000000c3000000| Untracked 
|   5|0x00000000c3100000, 0x00000000c3200000, 0x00000000c3200000|100%| O|  |TAMS 0x00000000c3200000, 0x00000000c3100000| Untracked 
|   6|0x00000000c3200000, 0x00000000c32b0a00, 0x00000000c3300000| 68%| O|  |TAMS 0x00000000c32b0a00, 0x00000000c3200000| Untracked 
|   7|0x00000000c3300000, 0x00000000c3400000, 0x00000000c3400000|100%| O|  |TAMS 0x00000000c3400000, 0x00000000c3300000| Untracked 
|   8|0x00000000c3400000, 0x00000000c3500000, 0x00000000c3500000|100%| O|  |TAMS 0x00000000c3500000, 0x00000000c3400000| Untracked 
|   9|0x00000000c3500000, 0x00000000c3600000, 0x00000000c3600000|100%| O|  |TAMS 0x00000000c3600000, 0x00000000c3500000| Untracked 
|  10|0x00000000c3600000, 0x00000000c3700000, 0x00000000c3700000|100%| O|  |TAMS 0x00000000c3700000, 0x00000000c3600000| Untracked 
|  11|0x00000000c3700000, 0x00000000c3800000, 0x00000000c3800000|100%| O|  |TAMS 0x00000000c3800000, 0x00000000c3700000| Untracked 
|  12|0x00000000c3800000, 0x00000000c3900000, 0x00000000c3900000|100%| O|  |TAMS 0x00000000c3800000, 0x00000000c3800000| Untracked 
|  13|0x00000000c3900000, 0x00000000c3a00000, 0x00000000c3a00000|100%| O|  |TAMS 0x00000000c3900000, 0x00000000c3900000| Untracked 
|  14|0x00000000c3a00000, 0x00000000c3a77000, 0x00000000c3b00000| 46%| O|  |TAMS 0x00000000c3a00000, 0x00000000c3a00000| Untracked 
|  15|0x00000000c3b00000, 0x00000000c3c00000, 0x00000000c3c00000|100%| O|  |TAMS 0x00000000c3c00000, 0x00000000c3b00000| Untracked 
|  16|0x00000000c3c00000, 0x00000000c3d00000, 0x00000000c3d00000|100%| O|  |TAMS 0x00000000c3d00000, 0x00000000c3c00000| Untracked 
|  17|0x00000000c3d00000, 0x00000000c3d00000, 0x00000000c3e00000|  0%| F|  |TAMS 0x00000000c3d00000, 0x00000000c3d00000| Untracked 
|  18|0x00000000c3e00000, 0x00000000c3e00000, 0x00000000c3f00000|  0%| F|  |TAMS 0x00000000c3e00000, 0x00000000c3e00000| Untracked 
|  19|0x00000000c3f00000, 0x00000000c3f00000, 0x00000000c4000000|  0%| F|  |TAMS 0x00000000c3f00000, 0x00000000c3f00000| Untracked 
|  20|0x00000000c4000000, 0x00000000c4000000, 0x00000000c4100000|  0%| F|  |TAMS 0x00000000c4000000, 0x00000000c4000000| Untracked 
|  21|0x00000000c4100000, 0x00000000c4100000, 0x00000000c4200000|  0%| F|  |TAMS 0x00000000c4100000, 0x00000000c4100000| Untracked 
|  22|0x00000000c4200000, 0x00000000c4200000, 0x00000000c4300000|  0%| F|  |TAMS 0x00000000c4200000, 0x00000000c4200000| Untracked 
|  23|0x00000000c4300000, 0x00000000c4300000, 0x00000000c4400000|  0%| F|  |TAMS 0x00000000c4300000, 0x00000000c4300000| Untracked 
|  24|0x00000000c4400000, 0x00000000c4400000, 0x00000000c4500000|  0%| F|  |TAMS 0x00000000c4400000, 0x00000000c4400000| Untracked 
|  25|0x00000000c4500000, 0x00000000c45cd2d0, 0x00000000c4600000| 80%| S|CS|TAMS 0x00000000c4500000, 0x00000000c4500000| Complete 
|  26|0x00000000c4600000, 0x00000000c4700000, 0x00000000c4700000|100%| S|CS|TAMS 0x00000000c4600000, 0x00000000c4600000| Complete 
|  27|0x00000000c4700000, 0x00000000c4800000, 0x00000000c4800000|100%| S|CS|TAMS 0x00000000c4700000, 0x00000000c4700000| Complete 
|  28|0x00000000c4800000, 0x00000000c4800000, 0x00000000c4900000|  0%| F|  |TAMS 0x00000000c4800000, 0x00000000c4800000| Untracked 
|  29|0x00000000c4900000, 0x00000000c4900000, 0x00000000c4a00000|  0%| F|  |TAMS 0x00000000c4900000, 0x00000000c4900000| Untracked 
|  30|0x00000000c4a00000, 0x00000000c4a00000, 0x00000000c4b00000|  0%| F|  |TAMS 0x00000000c4a00000, 0x00000000c4a00000| Untracked 
|  31|0x00000000c4b00000, 0x00000000c4b00000, 0x00000000c4c00000|  0%| F|  |TAMS 0x00000000c4b00000, 0x00000000c4b00000| Untracked 
|  32|0x00000000c4c00000, 0x00000000c4c00000, 0x00000000c4d00000|  0%| F|  |TAMS 0x00000000c4c00000, 0x00000000c4c00000| Untracked 
|  33|0x00000000c4d00000, 0x00000000c4d00000, 0x00000000c4e00000|  0%| F|  |TAMS 0x00000000c4d00000, 0x00000000c4d00000| Untracked 
|  34|0x00000000c4e00000, 0x00000000c4e00000, 0x00000000c4f00000|  0%| F|  |TAMS 0x00000000c4e00000, 0x00000000c4e00000| Untracked 
|  35|0x00000000c4f00000, 0x00000000c4f00000, 0x00000000c5000000|  0%| F|  |TAMS 0x00000000c4f00000, 0x00000000c4f00000| Untracked 
|  36|0x00000000c5000000, 0x00000000c5000000, 0x00000000c5100000|  0%| F|  |TAMS 0x00000000c5000000, 0x00000000c5000000| Untracked 
|  37|0x00000000c5100000, 0x00000000c5100000, 0x00000000c5200000|  0%| F|  |TAMS 0x00000000c5100000, 0x00000000c5100000| Untracked 
|  38|0x00000000c5200000, 0x00000000c5200000, 0x00000000c5300000|  0%| F|  |TAMS 0x00000000c5200000, 0x00000000c5200000| Untracked 
|  39|0x00000000c5300000, 0x00000000c5350740, 0x00000000c5400000| 31%| E|  |TAMS 0x00000000c5300000, 0x00000000c5300000| Complete 
|  40|0x00000000c5400000, 0x00000000c5500000, 0x00000000c5500000|100%| E|CS|TAMS 0x00000000c5400000, 0x00000000c5400000| Complete 
|  41|0x00000000c5500000, 0x00000000c5600000, 0x00000000c5600000|100%| E|CS|TAMS 0x00000000c5500000, 0x00000000c5500000| Complete 
|  42|0x00000000c5600000, 0x00000000c5700000, 0x00000000c5700000|100%| E|CS|TAMS 0x00000000c5600000, 0x00000000c5600000| Complete 
|  43|0x00000000c5700000, 0x00000000c5800000, 0x00000000c5800000|100%| E|CS|TAMS 0x00000000c5700000, 0x00000000c5700000| Complete 
|  44|0x00000000c5800000, 0x00000000c5900000, 0x00000000c5900000|100%| E|CS|TAMS 0x00000000c5800000, 0x00000000c5800000| Complete 
|  45|0x00000000c5900000, 0x00000000c5a00000, 0x00000000c5a00000|100%| E|CS|TAMS 0x00000000c5900000, 0x00000000c5900000| Complete 
|  60|0x00000000c6800000, 0x00000000c6900000, 0x00000000c6900000|100%| E|CS|TAMS 0x00000000c6800000, 0x00000000c6800000| Complete 
|  61|0x00000000c6900000, 0x00000000c6a00000, 0x00000000c6a00000|100%| E|CS|TAMS 0x00000000c6900000, 0x00000000c6900000| Complete 

Card table byte_map: [0x000001e53e0e0000,0x000001e53e2d0000] _byte_map_base: 0x000001e53daca000

Marking Bits (Prev, Next): (CMBitMap*) 0x000001e52c2958b0, (CMBitMap*) 0x000001e52c2958f0
 Prev Bits: [0x000001e53e4c0000, 0x000001e53f410000)
 Next Bits: [0x000001e53f410000, 0x000001e540360000)

Polling page: 0x000001e52a020000

Metaspace:

Usage:
  Non-class:     37.83 MB used.
      Class:      5.41 MB used.
       Both:     43.24 MB used.

Virtual space:
  Non-class space:       64.00 MB reserved,      38.06 MB ( 59%) committed,  1 nodes.
      Class space:        1.00 GB reserved,       5.62 MB ( <1%) committed,  1 nodes.
             Both:        1.06 GB reserved,      43.69 MB (  4%) committed. 

Chunk freelists:
   Non-Class:  9.97 MB
       Class:  10.23 MB
        Both:  20.20 MB

MaxMetaspaceSize: unlimited
CompressedClassSpaceSize: 1.00 GB
Initial GC threshold: 21.00 MB
Current GC threshold: 59.62 MB
CDS: off
MetaspaceReclaimPolicy: balanced
 - commit_granule_bytes: 65536.
 - commit_granule_words: 8192.
 - virtual_space_node_default_size: 8388608.
 - enlarge_chunks_in_place: 1.
 - new_chunks_are_fully_committed: 0.
 - uncommit_free_chunks: 1.
 - use_allocation_guard: 0.
 - handle_deallocations: 1.


Internal statistics:

num_allocs_failed_limit: 6.
num_arena_births: 530.
num_arena_deaths: 0.
num_vsnodes_births: 2.
num_vsnodes_deaths: 0.
num_space_committed: 699.
num_space_uncommitted: 0.
num_chunks_returned_to_freelist: 6.
num_chunks_taken_from_freelist: 1777.
num_chunk_merges: 6.
num_chunk_splits: 1199.
num_chunks_enlarged: 873.
num_inconsistent_stats: 0.

CodeHeap 'non-profiled nmethods': size=120000Kb used=1654Kb max_used=1654Kb free=118346Kb
 bounds [0x000001e5369c0000, 0x000001e536c30000, 0x000001e53def0000]
CodeHeap 'profiled nmethods': size=120000Kb used=8546Kb max_used=8546Kb free=111453Kb
 bounds [0x000001e52eef0000, 0x000001e52f750000, 0x000001e536420000]
CodeHeap 'non-nmethods': size=5760Kb used=1266Kb max_used=1305Kb free=4493Kb
 bounds [0x000001e536420000, 0x000001e536690000, 0x000001e5369c0000]
 total_blobs=4808 nmethods=4232 adapters=487
 compilation: enabled
              stopped_count=0, restarted_count=0
 full_count=0

Compilation events (20 events):
Event: 5.286 Thread 0x000001e54287fe30 4256  s    2       java.io.ByteArrayOutputStream::write (32 bytes)
Event: 5.286 Thread 0x000001e54287fe30 nmethod 4256 0x000001e52f73ef10 code [0x000001e52f73f0c0, 0x000001e52f73f2e8]
Event: 5.287 Thread 0x000001e54287fe30 4257       1       sun.security.provider.DigestBase::engineGetDigestLength (5 bytes)
Event: 5.287 Thread 0x000001e54287fe30 nmethod 4257 0x000001e536b5d510 code [0x000001e536b5d6a0, 0x000001e536b5d778]
Event: 5.287 Thread 0x000001e54287fe30 4258       2       java.util.Arrays::fill (21 bytes)
Event: 5.287 Thread 0x000001e54287fe30 nmethod 4258 0x000001e52f73f410 code [0x000001e52f73f5a0, 0x000001e52f73f6f8]
Event: 5.287 Thread 0x000001e54287fe30 4259       2       sun.security.provider.SHA5::implCompress0 (346 bytes)
Event: 5.288 Thread 0x000001e54287fe30 nmethod 4259 0x000001e52f73f810 code [0x000001e52f73fa40, 0x000001e52f740348]
Event: 5.288 Thread 0x000001e54287fe30 4260       3       java.lang.invoke.VarHandleByteArrayAsLongs$ArrayHandle::get (36 bytes)
Event: 5.288 Thread 0x000001e54287fe30 nmethod 4260 0x000001e52f740a10 code [0x000001e52f740be0, 0x000001e52f741098]
Event: 5.288 Thread 0x000001e54287fe30 4262       3       java.lang.invoke.VarHandleGuards::guard_LI_J (78 bytes)
Event: 5.289 Thread 0x000001e54287fe30 nmethod 4262 0x000001e52f741290 code [0x000001e52f7415e0, 0x000001e52f743288]
Event: 5.296 Thread 0x000001e54287fe30 4263       2       sun.net.util.URLUtil::urlNoFragString (114 bytes)
Event: 5.296 Thread 0x000001e54287fe30 nmethod 4263 0x000001e52f743b10 code [0x000001e52f743d60, 0x000001e52f7441d8]
Event: 5.297 Thread 0x000001e54287fe30 4264       2       java.net.URL::getDefaultPort (8 bytes)
Event: 5.297 Thread 0x000001e54287fe30 nmethod 4264 0x000001e52f744510 code [0x000001e52f7446a0, 0x000001e52f7447c8]
Event: 5.300 Thread 0x000001e54287fe30 4265       2       com.sun.crypto.provider.AESCrypt::implEncryptBlock (953 bytes)
Event: 5.301 Thread 0x000001e54287fe30 nmethod 4265 0x000001e52f744890 code [0x000001e52f744aa0, 0x000001e52f745798]
Event: 5.301 Thread 0x000001e54287fe30 4266 %     3       sun.security.provider.SHA5::implCompress0 @ 27 (346 bytes)
Event: 5.302 Thread 0x000001e54287fe30 nmethod 4266% 0x000001e52f745e90 code [0x000001e52f746100, 0x000001e52f746ce8]

GC Heap History (20 events):
Event: 0.469 GC heap before
{Heap before GC invocations=0 (full 0):
 garbage-first heap   total 63488K, used 13312K [0x00000000c2c00000, 0x0000000100000000)
  region size 1024K, 13 young (13312K), 0 survivors (0K)
 Metaspace       used 9136K, committed 9280K, reserved 1114112K
  class space    used 918K, committed 960K, reserved 1048576K
}
Event: 0.475 GC heap after
{Heap after GC invocations=1 (full 0):
 garbage-first heap   total 63488K, used 6791K [0x00000000c2c00000, 0x0000000100000000)
  region size 1024K, 2 young (2048K), 2 survivors (2048K)
 Metaspace       used 9136K, committed 9280K, reserved 1114112K
  class space    used 918K, committed 960K, reserved 1048576K
}
Event: 0.733 GC heap before
{Heap before GC invocations=1 (full 0):
 garbage-first heap   total 63488K, used 17031K [0x00000000c2c00000, 0x0000000100000000)
  region size 1024K, 13 young (13312K), 2 survivors (2048K)
 Metaspace       used 12659K, committed 12864K, reserved 1114112K
  class space    used 1373K, committed 1472K, reserved 1048576K
}
Event: 0.735 GC heap after
{Heap after GC invocations=2 (full 0):
 garbage-first heap   total 63488K, used 7574K [0x00000000c2c00000, 0x0000000100000000)
  region size 1024K, 1 young (1024K), 1 survivors (1024K)
 Metaspace       used 12659K, committed 12864K, reserved 1114112K
  class space    used 1373K, committed 1472K, reserved 1048576K
}
Event: 1.252 GC heap before
{Heap before GC invocations=2 (full 0):
 garbage-first heap   total 63488K, used 26006K [0x00000000c2c00000, 0x0000000100000000)
  region size 1024K, 20 young (20480K), 1 survivors (1024K)
 Metaspace       used 17518K, committed 17792K, reserved 1114112K
  class space    used 2039K, committed 2176K, reserved 1048576K
}
Event: 1.256 GC heap after
{Heap after GC invocations=3 (full 0):
 garbage-first heap   total 63488K, used 8898K [0x00000000c2c00000, 0x0000000100000000)
  region size 1024K, 2 young (2048K), 2 survivors (2048K)
 Metaspace       used 17518K, committed 17792K, reserved 1114112K
  class space    used 2039K, committed 2176K, reserved 1048576K
}
Event: 1.837 GC heap before
{Heap before GC invocations=3 (full 0):
 garbage-first heap   total 63488K, used 25282K [0x00000000c2c00000, 0x0000000100000000)
  region size 1024K, 19 young (19456K), 2 survivors (2048K)
 Metaspace       used 21358K, committed 21504K, reserved 1114112K
  class space    used 2611K, committed 2688K, reserved 1048576K
}
Event: 1.842 GC heap after
{Heap after GC invocations=4 (full 0):
 garbage-first heap   total 63488K, used 9922K [0x00000000c2c00000, 0x0000000100000000)
  region size 1024K, 3 young (3072K), 3 survivors (3072K)
 Metaspace       used 21358K, committed 21504K, reserved 1114112K
  class space    used 2611K, committed 2688K, reserved 1048576K
}
Event: 2.251 GC heap before
{Heap before GC invocations=5 (full 0):
 garbage-first heap   total 40960K, used 30402K [0x00000000c2c00000, 0x0000000100000000)
  region size 1024K, 25 young (25600K), 3 survivors (3072K)
 Metaspace       used 26264K, committed 26432K, reserved 1114112K
  class space    used 3178K, committed 3264K, reserved 1048576K
}
Event: 2.257 GC heap after
{Heap after GC invocations=6 (full 0):
 garbage-first heap   total 40960K, used 12271K [0x00000000c2c00000, 0x0000000100000000)
  region size 1024K, 5 young (5120K), 5 survivors (5120K)
 Metaspace       used 26264K, committed 26432K, reserved 1114112K
  class space    used 3178K, committed 3264K, reserved 1048576K
}
Event: 2.646 GC heap before
{Heap before GC invocations=6 (full 0):
 garbage-first heap   total 40960K, used 27631K [0x00000000c2c00000, 0x0000000100000000)
  region size 1024K, 20 young (20480K), 5 survivors (5120K)
 Metaspace       used 28253K, committed 28480K, reserved 1114112K
  class space    used 3429K, committed 3520K, reserved 1048576K
}
Event: 2.652 GC heap after
{Heap after GC invocations=7 (full 0):
 garbage-first heap   total 40960K, used 14105K [0x00000000c2c00000, 0x0000000100000000)
  region size 1024K, 3 young (3072K), 3 survivors (3072K)
 Metaspace       used 28253K, committed 28480K, reserved 1114112K
  class space    used 3429K, committed 3520K, reserved 1048576K
}
Event: 3.016 GC heap before
{Heap before GC invocations=7 (full 0):
 garbage-first heap   total 40960K, used 28441K [0x00000000c2c00000, 0x0000000100000000)
  region size 1024K, 17 young (17408K), 3 survivors (3072K)
 Metaspace       used 29988K, committed 30336K, reserved 1114112K
  class space    used 3652K, committed 3840K, reserved 1048576K
}
Event: 3.021 GC heap after
{Heap after GC invocations=8 (full 0):
 garbage-first heap   total 49152K, used 15282K [0x00000000c2c00000, 0x0000000100000000)
  region size 1024K, 2 young (2048K), 2 survivors (2048K)
 Metaspace       used 29988K, committed 30336K, reserved 1114112K
  class space    used 3652K, committed 3840K, reserved 1048576K
}
Event: 3.776 GC heap before
{Heap before GC invocations=8 (full 0):
 garbage-first heap   total 49152K, used 34738K [0x00000000c2c00000, 0x0000000100000000)
  region size 1024K, 21 young (21504K), 2 survivors (2048K)
 Metaspace       used 33098K, committed 33472K, reserved 1114112K
  class space    used 4101K, committed 4288K, reserved 1048576K
}
Event: 3.780 GC heap after
{Heap after GC invocations=9 (full 0):
 garbage-first heap   total 49152K, used 16678K [0x00000000c2c00000, 0x0000000100000000)
  region size 1024K, 3 young (3072K), 3 survivors (3072K)
 Metaspace       used 33098K, committed 33472K, reserved 1114112K
  class space    used 4101K, committed 4288K, reserved 1048576K
}
Event: 4.342 GC heap before
{Heap before GC invocations=9 (full 0):
 garbage-first heap   total 49152K, used 29990K [0x00000000c2c00000, 0x0000000100000000)
  region size 1024K, 17 young (17408K), 3 survivors (3072K)
 Metaspace       used 35942K, committed 36288K, reserved 1114112K
  class space    used 4542K, committed 4736K, reserved 1048576K
}
Event: 4.348 GC heap after
{Heap after GC invocations=10 (full 0):
 garbage-first heap   total 49152K, used 18334K [0x00000000c2c00000, 0x0000000100000000)
  region size 1024K, 2 young (2048K), 2 survivors (2048K)
 Metaspace       used 35942K, committed 36288K, reserved 1114112K
  class space    used 4542K, committed 4736K, reserved 1048576K
}
Event: 4.811 GC heap before
{Heap before GC invocations=11 (full 0):
 garbage-first heap   total 49152K, used 35742K [0x00000000c2c00000, 0x0000000100000000)
  region size 1024K, 20 young (20480K), 2 survivors (2048K)
 Metaspace       used 38969K, committed 39360K, reserved 1114112K
  class space    used 4864K, committed 5056K, reserved 1048576K
}
Event: 4.815 GC heap after
{Heap after GC invocations=12 (full 0):
 garbage-first heap   total 49152K, used 19411K [0x00000000c2c00000, 0x0000000100000000)
  region size 1024K, 3 young (3072K), 3 survivors (3072K)
 Metaspace       used 38969K, committed 39360K, reserved 1114112K
  class space    used 4864K, committed 5056K, reserved 1048576K
}

Dll operation events (9 events):
Event: 0.011 Loaded shared library C:\Users\ANDRES\.vscode\extensions\redhat.java-1.29.0-win32-x64\jre\17.0.10-win32-x86_64\bin\java.dll
Event: 0.135 Loaded shared library C:\Users\ANDRES\.vscode\extensions\redhat.java-1.29.0-win32-x64\jre\17.0.10-win32-x86_64\bin\net.dll
Event: 0.136 Loaded shared library C:\Users\ANDRES\.vscode\extensions\redhat.java-1.29.0-win32-x64\jre\17.0.10-win32-x86_64\bin\nio.dll
Event: 0.140 Loaded shared library C:\Users\ANDRES\.vscode\extensions\redhat.java-1.29.0-win32-x64\jre\17.0.10-win32-x86_64\bin\zip.dll
Event: 0.267 Loaded shared library C:\Users\ANDRES\.vscode\extensions\redhat.java-1.29.0-win32-x64\jre\17.0.10-win32-x86_64\bin\jimage.dll
Event: 0.555 Loaded shared library C:\Users\ANDRES\.vscode\extensions\redhat.java-1.29.0-win32-x64\jre\17.0.10-win32-x86_64\bin\management.dll
Event: 0.557 Loaded shared library C:\Users\ANDRES\.vscode\extensions\redhat.java-1.29.0-win32-x64\jre\17.0.10-win32-x86_64\bin\management_ext.dll
Event: 2.426 Loaded shared library C:\Users\ANDRES\.vscode\extensions\redhat.java-1.29.0-win32-x64\jre\17.0.10-win32-x86_64\bin\sunmscapi.dll
Event: 4.866 Loaded shared library C:\Users\ANDRES\.vscode\extensions\redhat.java-1.29.0-win32-x64\jre\17.0.10-win32-x86_64\bin\extnet.dll

Deoptimization events (20 events):
Event: 4.939 Thread 0x000001e5477d9fe0 DEOPT PACKING pc=0x000001e5369ff9e4 sp=0x000000d9cedf9b90
Event: 4.939 Thread 0x000001e5477d9fe0 DEOPT UNPACKING pc=0x000001e5364769a3 sp=0x000000d9cedf9a80 mode 2
Event: 4.939 Thread 0x000001e5477d9fe0 Uncommon trap: trap_request=0xffffff45 fr.pc=0x000001e536a006d4 relative=0x0000000000000134
Event: 4.939 Thread 0x000001e5477d9fe0 Uncommon trap: reason=unstable_if action=reinterpret pc=0x000001e536a006d4 method=java.lang.AbstractStringBuilder.putStringAt(ILjava/lang/String;II)V @ 8 c2
Event: 4.939 Thread 0x000001e5477d9fe0 DEOPT PACKING pc=0x000001e536a006d4 sp=0x000000d9cedf9b30
Event: 4.939 Thread 0x000001e5477d9fe0 DEOPT UNPACKING pc=0x000001e5364769a3 sp=0x000000d9cedf9a78 mode 2
Event: 5.008 Thread 0x000001e5477d9fe0 Uncommon trap: trap_request=0xffffff45 fr.pc=0x000001e536add68c relative=0x0000000000000a4c
Event: 5.008 Thread 0x000001e5477d9fe0 Uncommon trap: reason=unstable_if action=reinterpret pc=0x000001e536add68c method=sun.net.util.IPAddressUtil.scan(Ljava/lang/String;JJ[C)I @ 14 c2
Event: 5.008 Thread 0x000001e5477d9fe0 DEOPT PACKING pc=0x000001e536add68c sp=0x000000d9cedf7310
Event: 5.008 Thread 0x000001e5477d9fe0 DEOPT UNPACKING pc=0x000001e5364769a3 sp=0x000000d9cedf7180 mode 2
Event: 5.116 Thread 0x000001e5477d9fe0 Uncommon trap: trap_request=0xffffff45 fr.pc=0x000001e536a9cea8 relative=0x0000000000000248
Event: 5.116 Thread 0x000001e5477d9fe0 Uncommon trap: reason=unstable_if action=reinterpret pc=0x000001e536a9cea8 method=java.util.HashMap.putVal(ILjava/lang/Object;Ljava/lang/Object;ZZ)Ljava/lang/Object; @ 162 c2
Event: 5.116 Thread 0x000001e5477d9fe0 DEOPT PACKING pc=0x000001e536a9cea8 sp=0x000000d9cedf8080
Event: 5.116 Thread 0x000001e5477d9fe0 DEOPT UNPACKING pc=0x000001e5364769a3 sp=0x000000d9cedf7fa8 mode 2
Event: 5.193 Thread 0x000001e5477d9fe0 DEOPT PACKING pc=0x000001e52f70fa03 sp=0x000000d9cedfa360
Event: 5.193 Thread 0x000001e5477d9fe0 DEOPT UNPACKING pc=0x000001e536477143 sp=0x000000d9cedf9818 mode 0
Event: 5.241 Thread 0x000001e5477d9fe0 DEOPT PACKING pc=0x000001e52f71b42c sp=0x000000d9cedfa360
Event: 5.241 Thread 0x000001e5477d9fe0 DEOPT UNPACKING pc=0x000001e536477143 sp=0x000000d9cedf97e0 mode 0
Event: 5.276 Thread 0x000001e5477d9fe0 DEOPT PACKING pc=0x000001e52f738f1a sp=0x000000d9cedfa320
Event: 5.276 Thread 0x000001e5477d9fe0 DEOPT UNPACKING pc=0x000001e536477143 sp=0x000000d9cedf9778 mode 0

Classes unloaded (0 events):
No events

Classes redefined (0 events):
No events

Internal exceptions (20 events):
Event: 3.994 Thread 0x000001e5477d9fe0 Exception <a 'java/lang/IncompatibleClassChangeError'{0x00000000c534d0a8}: Found class java.lang.Object, but interface was expected> (0x00000000c534d0a8) 
thrown [s\src\hotspot\share\interpreter\linkResolver.cpp, line 826]
Event: 3.995 Thread 0x000001e5477d9fe0 Exception <a 'java/lang/NoSuchMethodError'{0x00000000c535dec8}: 'int java.lang.invoke.DirectMethodHandle$Holder.invokeSpecialIFC(java.lang.Object, java.lang.Object, java.lang.Object)'> (0x00000000c535dec8) 
thrown [s\src\hotspot\share\interpreter\linkResolver.cpp, line 759]
Event: 3.996 Thread 0x000001e5477d9fe0 Exception <a 'java/lang/NoSuchMethodError'{0x00000000c536c060}: 'void java.lang.invoke.DirectMethodHandle$Holder.invokeStatic(java.lang.Object, int, java.lang.Object)'> (0x00000000c536c060) 
thrown [s\src\hotspot\share\interpreter\linkResolver.cpp, line 759]
Event: 4.001 Thread 0x000001e5477d9fe0 Exception <a 'java/lang/NoSuchMethodError'{0x00000000c53a85e0}: 'void java.lang.invoke.DirectMethodHandle$Holder.invokeVirtual(java.lang.Object, java.lang.Object, int)'> (0x00000000c53a85e0) 
thrown [s\src\hotspot\share\interpreter\linkResolver.cpp, line 759]
Event: 4.002 Thread 0x000001e5477d9fe0 Exception <a 'java/lang/NoSuchMethodError'{0x00000000c53ae828}: 'void java.lang.invoke.DirectMethodHandle$Holder.invokeStatic(java.lang.Object, java.lang.Object, java.lang.Object, int, java.lang.Object)'> (0x00000000c53ae828) 
thrown [s\src\hotspot\share\interpreter\linkResolver.cpp, line 759]
Event: 4.003 Thread 0x000001e5477d9fe0 Exception <a 'java/lang/NoSuchMethodError'{0x00000000c53b5d30}: 'java.lang.Object java.lang.invoke.DirectMethodHandle$Holder.newInvokeSpecial(java.lang.Object, java.lang.Object, java.lang.Object, int)'> (0x00000000c53b5d30) 
thrown [s\src\hotspot\share\interpreter\linkResolver.cpp, line 759]
Event: 4.004 Thread 0x000001e5477d9fe0 Exception <a 'java/lang/NoSuchMethodError'{0x00000000c53ba018}: 'java.lang.Object java.lang.invoke.DirectMethodHandle$Holder.invokeSpecial(java.lang.Object, java.lang.Object, java.lang.Object, java.lang.Object, int)'> (0x00000000c53ba018) 
thrown [s\src\hotspot\share\interpreter\linkResolver.cpp, line 759]
Event: 4.004 Thread 0x000001e5477d9fe0 Exception <a 'java/lang/NoSuchMethodError'{0x00000000c53bdbe0}: 'java.lang.Object java.lang.invoke.Invokers$Holder.linkToTargetMethod(java.lang.Object, java.lang.Object, int, java.lang.Object)'> (0x00000000c53bdbe0) 
thrown [s\src\hotspot\share\interpreter\linkResolver.cpp, line 759]
Event: 4.131 Thread 0x000001e5477d9fe0 Exception <a 'java/lang/NoSuchMethodError'{0x00000000c4fab5e8}: 'java.lang.Object java.lang.invoke.DirectMethodHandle$Holder.invokeStaticInit(java.lang.Object, int, int, int, int)'> (0x00000000c4fab5e8) 
thrown [s\src\hotspot\share\interpreter\linkResolver.cpp, line 759]
Event: 4.331 Thread 0x000001e5477d9fe0 Exception <a 'java/lang/NoSuchMethodError'{0x00000000c4e826b0}: 'java.lang.Object java.lang.invoke.DirectMethodHandle$Holder.invokeStaticInit(java.lang.Object, java.lang.Object, int, int, int, int)'> (0x00000000c4e826b0) 
thrown [s\src\hotspot\share\interpreter\linkResolver.cpp, line 759]
Event: 4.473 Thread 0x000001e5477d9fe0 Exception <a 'sun/nio/fs/WindowsException'{0x00000000c55c2c30}> (0x00000000c55c2c30) 
thrown [s\src\hotspot\share\prims\jni.cpp, line 516]
Event: 4.474 Thread 0x000001e5477d9fe0 Exception <a 'sun/nio/fs/WindowsException'{0x00000000c55c86c0}> (0x00000000c55c86c0) 
thrown [s\src\hotspot\share\prims\jni.cpp, line 516]
Event: 4.475 Thread 0x000001e5477d9fe0 Exception <a 'sun/nio/fs/WindowsException'{0x00000000c55c8da0}> (0x00000000c55c8da0) 
thrown [s\src\hotspot\share\prims\jni.cpp, line 516]
Event: 4.526 Thread 0x000001e5477d9fe0 Exception <a 'java/lang/NoSuchMethodError'{0x00000000c5306ee0}: 'java.lang.Object java.lang.invoke.DirectMethodHandle$Holder.invokeSpecial(java.lang.Object, java.lang.Object, long, java.lang.Object, java.lang.Object, java.lang.Object, java.lang.Object, java.lang.Object, java.lang.Object)'> (0x00000000c5306ee0) 
thrown [s\src\hotspot\share\interpreter\linkResolver.cpp, line 759]
Event: 4.526 Thread 0x000001e5477d9fe0 Exception <a 'java/lang/NoSuchMethodError'{0x00000000c530ba08}: 'java.lang.Object java.lang.invoke.DelegatingMethodHandle$Holder.reinvoke_L(java.lang.Object, long, java.lang.Object, java.lang.Object, java.lang.Object, java.lang.Object, java.lang.Object, java.lang.Object)'> (0x00000000c530ba08) 
thrown [s\src\hotspot\share\interpreter\linkResolver.cpp, line 759]
Event: 4.570 Thread 0x000001e5477d9fe0 Implicit null exception at 0x000001e536a8b900 to 0x000001e536a8d26c
Event: 4.588 Thread 0x000001e5477d9fe0 Exception <a 'java/io/FileNotFoundException'{0x00000000c525ff98}> (0x00000000c525ff98) 
thrown [s\src\hotspot\share\prims\jni.cpp, line 516]
Event: 4.614 Thread 0x000001e5477d9fe0 Exception <a 'java/lang/NoSuchMethodError'{0x00000000c51c1830}: 'int java.lang.invoke.DirectMethodHandle$Holder.invokeInterface(java.lang.Object, java.lang.Object, java.lang.Object, java.lang.Object)'> (0x00000000c51c1830) 
thrown [s\src\hotspot\share\interpreter\linkResolver.cpp, line 759]
Event: 5.000 Thread 0x000001e5477d9fe0 Exception <a 'sun/nio/fs/WindowsException'{0x00000000c562bc98}> (0x00000000c562bc98) 
thrown [s\src\hotspot\share\prims\jni.cpp, line 516]
Event: 5.019 Thread 0x000001e5477d9fe0 Exception <a 'java/lang/NoSuchMethodError'{0x00000000c564ce90}: 'int java.lang.invoke.DirectMethodHandle$Holder.invokeStaticInit(java.lang.Object, java.lang.Object, java.lang.Object, java.lang.Object)'> (0x00000000c564ce90) 
thrown [s\src\hotspot\share\interpreter\linkResolver.cpp, line 759]

VM Operations (20 events):
Event: 4.435 Executing VM operation: HandshakeAllThreads
Event: 4.435 Executing VM operation: HandshakeAllThreads done
Event: 4.558 Executing VM operation: HandshakeAllThreads
Event: 4.558 Executing VM operation: HandshakeAllThreads done
Event: 4.663 Executing VM operation: HandshakeAllThreads
Event: 4.663 Executing VM operation: HandshakeAllThreads done
Event: 4.811 Executing VM operation: G1CollectForAllocation
Event: 4.816 Executing VM operation: G1CollectForAllocation done
Event: 4.929 Executing VM operation: HandshakeAllThreads
Event: 4.929 Executing VM operation: HandshakeAllThreads done
Event: 4.929 Executing VM operation: HandshakeAllThreads
Event: 4.929 Executing VM operation: HandshakeAllThreads done
Event: 5.002 Executing VM operation: HandshakeAllThreads
Event: 5.002 Executing VM operation: HandshakeAllThreads done
Event: 5.008 Executing VM operation: HandshakeAllThreads
Event: 5.008 Executing VM operation: HandshakeAllThreads done
Event: 5.155 Executing VM operation: HandshakeAllThreads
Event: 5.155 Executing VM operation: HandshakeAllThreads done
Event: 5.260 Executing VM operation: HandshakeAllThreads
Event: 5.260 Executing VM operation: HandshakeAllThreads done

Events (20 events):
Event: 5.288 loading class javax/net/ssl/SSLEngineResult$HandshakeStatus
Event: 5.288 loading class javax/net/ssl/SSLEngineResult$HandshakeStatus done
Event: 5.288 loading class jdk/internal/event/TLSHandshakeEvent
Event: 5.288 loading class jdk/internal/event/TLSHandshakeEvent done
Event: 5.291 loading class java/security/DigestException
Event: 5.291 loading class java/security/DigestException done
Event: 5.293 loading class javax/security/sasl/SaslException
Event: 5.294 loading class javax/security/sasl/SaslException done
Event: 5.294 loading class javax/security/auth/login/Configuration
Event: 5.294 loading class javax/security/auth/login/Configuration done
Event: 5.294 loading class javax/security/auth/callback/UnsupportedCallbackException
Event: 5.294 loading class javax/security/auth/callback/UnsupportedCallbackException done
Event: 5.294 loading class javax/security/auth/callback/Callback
Event: 5.294 loading class javax/security/auth/callback/Callback done
Event: 5.301 loading class sun/security/ssl/PostHandshakeContext
Event: 5.301 loading class sun/security/ssl/PostHandshakeContext done
Event: 5.301 loading class sun/security/ssl/NewSessionTicket$T13NewSessionTicketMessage
Event: 5.301 loading class sun/security/ssl/NewSessionTicket$NewSessionTicketMessage
Event: 5.301 loading class sun/security/ssl/NewSessionTicket$NewSessionTicketMessage done
Event: 5.301 loading class sun/security/ssl/NewSessionTicket$T13NewSessionTicketMessage done


Dynamic libraries:
0x00007ff7528f0000 - 0x00007ff7528fe000 	C:\Users\ANDRES\.vscode\extensions\redhat.java-1.29.0-win32-x64\jre\17.0.10-win32-x86_64\bin\java.exe
0x00007ffce4870000 - 0x00007ffce4a68000 	C:\Windows\SYSTEM32\ntdll.dll
0x00007ffce43d0000 - 0x00007ffce448d000 	C:\Windows\System32\KERNEL32.DLL
0x00007ffce2040000 - 0x00007ffce2336000 	C:\Windows\System32\KERNELBASE.dll
0x00007ffce25d0000 - 0x00007ffce26d0000 	C:\Windows\System32\ucrtbase.dll
0x00007ffcc8890000 - 0x00007ffcc88ab000 	C:\Users\ANDRES\.vscode\extensions\redhat.java-1.29.0-win32-x64\jre\17.0.10-win32-x86_64\bin\VCRUNTIME140.dll
0x00007ffcddba0000 - 0x00007ffcddbb7000 	C:\Users\ANDRES\.vscode\extensions\redhat.java-1.29.0-win32-x64\jre\17.0.10-win32-x86_64\bin\jli.dll
0x00007ffce3d70000 - 0x00007ffce3f0f000 	C:\Windows\System32\USER32.dll
0x00007ffccb3f0000 - 0x00007ffccb68a000 	C:\Windows\WinSxS\amd64_microsoft.windows.common-controls_6595b64144ccf1df_6.0.19041.3636_none_60b6a03d71f818d5\COMCTL32.dll
0x00007ffce2870000 - 0x00007ffce2892000 	C:\Windows\System32\win32u.dll
0x00007ffce3850000 - 0x00007ffce38ee000 	C:\Windows\System32\msvcrt.dll
0x00007ffce4270000 - 0x00007ffce429b000 	C:\Windows\System32\GDI32.dll
0x00007ffce1f20000 - 0x00007ffce2037000 	C:\Windows\System32\gdi32full.dll
0x00007ffce2340000 - 0x00007ffce23dd000 	C:\Windows\System32\msvcp_win.dll
0x00007ffce4490000 - 0x00007ffce44c2000 	C:\Windows\System32\IMM32.DLL
0x00007ffcdd950000 - 0x00007ffcdd95c000 	C:\Users\ANDRES\.vscode\extensions\redhat.java-1.29.0-win32-x64\jre\17.0.10-win32-x86_64\bin\vcruntime140_1.dll
0x00007ffcad820000 - 0x00007ffcad8ad000 	C:\Users\ANDRES\.vscode\extensions\redhat.java-1.29.0-win32-x64\jre\17.0.10-win32-x86_64\bin\msvcp140.dll
0x00007ffc6a860000 - 0x00007ffc6b4c2000 	C:\Users\ANDRES\.vscode\extensions\redhat.java-1.29.0-win32-x64\jre\17.0.10-win32-x86_64\bin\server\jvm.dll
0x00007ffce3bf0000 - 0x00007ffce3ca0000 	C:\Windows\System32\ADVAPI32.dll
0x00007ffce38f0000 - 0x00007ffce3990000 	C:\Windows\System32\sechost.dll
0x00007ffce3ab0000 - 0x00007ffce3bd3000 	C:\Windows\System32\RPCRT4.dll
0x00007ffce26d0000 - 0x00007ffce26f7000 	C:\Windows\System32\bcrypt.dll
0x00007ffce1d80000 - 0x00007ffce1dcb000 	C:\Windows\SYSTEM32\POWRPROF.dll
0x00007ffcdbb40000 - 0x00007ffcdbb49000 	C:\Windows\SYSTEM32\WSOCK32.dll
0x00007ffce4360000 - 0x00007ffce43cb000 	C:\Windows\System32\WS2_32.dll
0x00007ffcdb080000 - 0x00007ffcdb08a000 	C:\Windows\SYSTEM32\VERSION.dll
0x00007ffcccd80000 - 0x00007ffcccda7000 	C:\Windows\SYSTEM32\WINMM.dll
0x00007ffce1d60000 - 0x00007ffce1d72000 	C:\Windows\SYSTEM32\UMPDC.dll
0x00007ffcdfdb0000 - 0x00007ffcdfdc2000 	C:\Windows\SYSTEM32\kernel.appcore.dll
0x00007ffcdc2e0000 - 0x00007ffcdc2ea000 	C:\Users\ANDRES\.vscode\extensions\redhat.java-1.29.0-win32-x64\jre\17.0.10-win32-x86_64\bin\jimage.dll
0x00007ffccecd0000 - 0x00007ffcceeb4000 	C:\Windows\SYSTEM32\DBGHELP.DLL
0x00007ffccb260000 - 0x00007ffccb294000 	C:\Windows\SYSTEM32\dbgcore.DLL
0x00007ffce2540000 - 0x00007ffce25c2000 	C:\Windows\System32\bcryptPrimitives.dll
0x00007ffcbc4e0000 - 0x00007ffcbc505000 	C:\Users\ANDRES\.vscode\extensions\redhat.java-1.29.0-win32-x64\jre\17.0.10-win32-x86_64\bin\java.dll
0x00007ffcc1e90000 - 0x00007ffcc1ea8000 	C:\Users\ANDRES\.vscode\extensions\redhat.java-1.29.0-win32-x64\jre\17.0.10-win32-x86_64\bin\zip.dll
0x00007ffce2d90000 - 0x00007ffce34fb000 	C:\Windows\System32\SHELL32.dll
0x00007ffcdffb0000 - 0x00007ffce074e000 	C:\Windows\SYSTEM32\windows.storage.dll
0x00007ffce44d0000 - 0x00007ffce4823000 	C:\Windows\System32\combase.dll
0x00007ffce1880000 - 0x00007ffce18ae000 	C:\Windows\SYSTEM32\Wldp.dll
0x00007ffce3ca0000 - 0x00007ffce3d6d000 	C:\Windows\System32\OLEAUT32.dll
0x00007ffce3500000 - 0x00007ffce35ad000 	C:\Windows\System32\SHCORE.dll
0x00007ffce28a0000 - 0x00007ffce28f5000 	C:\Windows\System32\shlwapi.dll
0x00007ffce1e50000 - 0x00007ffce1e73000 	C:\Windows\SYSTEM32\profapi.dll
0x00007ffcbd5b0000 - 0x00007ffcbd5c9000 	C:\Users\ANDRES\.vscode\extensions\redhat.java-1.29.0-win32-x64\jre\17.0.10-win32-x86_64\bin\net.dll
0x00007ffcd70c0000 - 0x00007ffcd71ca000 	C:\Windows\SYSTEM32\WINHTTP.dll
0x00007ffce15e0000 - 0x00007ffce164a000 	C:\Windows\system32\mswsock.dll
0x00007ffcbbc40000 - 0x00007ffcbbc56000 	C:\Users\ANDRES\.vscode\extensions\redhat.java-1.29.0-win32-x64\jre\17.0.10-win32-x86_64\bin\nio.dll
0x00007ffcdc070000 - 0x00007ffcdc079000 	C:\Users\ANDRES\.vscode\extensions\redhat.java-1.29.0-win32-x64\jre\17.0.10-win32-x86_64\bin\management.dll
0x00007ffcdba80000 - 0x00007ffcdba8b000 	C:\Users\ANDRES\.vscode\extensions\redhat.java-1.29.0-win32-x64\jre\17.0.10-win32-x86_64\bin\management_ext.dll
0x00007ffce41a0000 - 0x00007ffce41a8000 	C:\Windows\System32\PSAPI.DLL
0x00007ffcdad20000 - 0x00007ffcdad2e000 	C:\Users\ANDRES\.vscode\extensions\redhat.java-1.29.0-win32-x64\jre\17.0.10-win32-x86_64\bin\sunmscapi.dll
0x00007ffce23e0000 - 0x00007ffce253e000 	C:\Windows\System32\CRYPT32.dll
0x00007ffce18f0000 - 0x00007ffce1918000 	C:\Windows\SYSTEM32\ncrypt.dll
0x00007ffce18b0000 - 0x00007ffce18eb000 	C:\Windows\SYSTEM32\NTASN1.dll
0x00007ffce17e0000 - 0x00007ffce17f8000 	C:\Windows\SYSTEM32\CRYPTSP.dll
0x00007ffce0f00000 - 0x00007ffce0f34000 	C:\Windows\system32\rsaenh.dll
0x00007ffce1e10000 - 0x00007ffce1e3e000 	C:\Windows\SYSTEM32\USERENV.dll
0x00007ffce17d0000 - 0x00007ffce17dc000 	C:\Windows\SYSTEM32\CRYPTBASE.dll
0x00007ffce12c0000 - 0x00007ffce12fb000 	C:\Windows\SYSTEM32\IPHLPAPI.DLL
0x00007ffce41b0000 - 0x00007ffce41b8000 	C:\Windows\System32\NSI.dll
0x00007ffcd86a0000 - 0x00007ffcd86b7000 	C:\Windows\SYSTEM32\dhcpcsvc6.DLL
0x00007ffcd96e0000 - 0x00007ffcd96fd000 	C:\Windows\SYSTEM32\dhcpcsvc.DLL
0x00007ffce1300000 - 0x00007ffce13cb000 	C:\Windows\SYSTEM32\DNSAPI.dll
0x00007ffccdda0000 - 0x00007ffccddaa000 	C:\Windows\System32\rasadhlp.dll
0x00007ffccddc0000 - 0x00007ffccde40000 	C:\Windows\System32\fwpuclnt.dll
0x00007ffcda950000 - 0x00007ffcda959000 	C:\Users\ANDRES\.vscode\extensions\redhat.java-1.29.0-win32-x64\jre\17.0.10-win32-x86_64\bin\extnet.dll

dbghelp: loaded successfully - version: 4.0.5 - missing functions: none
symbol engine: initialized successfully - sym options: 0x614 - pdb path: .;C:\Users\ANDRES\.vscode\extensions\redhat.java-1.29.0-win32-x64\jre\17.0.10-win32-x86_64\bin;C:\Windows\SYSTEM32;C:\Windows\WinSxS\amd64_microsoft.windows.common-controls_6595b64144ccf1df_6.0.19041.3636_none_60b6a03d71f818d5;C:\Users\ANDRES\.vscode\extensions\redhat.java-1.29.0-win32-x64\jre\17.0.10-win32-x86_64\bin\server

VM Arguments:
jvm_args: -XX:+ShowCodeDetailsInExceptionMessages 
java_command: com.sebas.demo.VizyonApplication
java_class_path (initial): C:\Users\ANDRES\Documents\Sebastian\Java-Spring-boot\vizyon\demo\target\classes;C:\Users\ANDRES\.m2\repository\org\springframework\boot\spring-boot-starter-data-jpa\3.2.5\spring-boot-starter-data-jpa-3.2.5.jar;C:\Users\ANDRES\.m2\repository\org\springframework\boot\spring-boot-starter-aop\3.2.5\spring-boot-starter-aop-3.2.5.jar;C:\Users\ANDRES\.m2\repository\org\springframework\spring-aop\6.1.6\spring-aop-6.1.6.jar;C:\Users\ANDRES\.m2\repository\org\aspectj\aspectjweaver\1.9.22\aspectjweaver-1.9.22.jar;C:\Users\ANDRES\.m2\repository\org\springframework\boot\spring-boot-starter-jdbc\3.2.5\spring-boot-starter-jdbc-3.2.5.jar;C:\Users\ANDRES\.m2\repository\com\zaxxer\HikariCP\5.0.1\HikariCP-5.0.1.jar;C:\Users\ANDRES\.m2\repository\org\springframework\spring-jdbc\6.1.6\spring-jdbc-6.1.6.jar;C:\Users\ANDRES\.m2\repository\org\hibernate\orm\hibernate-core\6.4.4.Final\hibernate-core-6.4.4.Final.jar;C:\Users\ANDRES\.m2\repository\jakarta\persistence\jakarta.persistence-api\3.1.0\jakarta.persistence-api-3.1.0.jar;C:\Users\ANDRES\.m2\repository\jakarta\transaction\jakarta.transaction-api\2.0.1\jakarta.transaction-api-2.0.1.jar;C:\Users\ANDRES\.m2\repository\org\jboss\logging\jboss-logging\3.5.3.Final\jboss-logging-3.5.3.Final.jar;C:\Users\ANDRES\.m2\repository\org\hibernate\common\hibernate-commons-annotations\6.0.6.Final\hibernate-commons-annotations-6.0.6.Final.jar;C:\Users\ANDRES\.m2\repository\io\smallrye\jandex\3.1.2\jandex-3.1.2.jar;C:\Users\ANDRES\.m2\repository\com\fasterxml\classmate\1.6.0\classmate-1.6.0.jar;C:\Users\ANDRES\.m2\repository\net\bytebuddy\byte-buddy\1.14.13\byte-buddy-1.14.13.jar;C:\Users\ANDRES\.m2\repository\org\glassfish\jaxb\jaxb-runtime\4.0.5\jaxb-runtime-4.0.5.jar;C:\Users\ANDRES\.m2\repository\org\glassfish\jaxb\jaxb-core\4.0.5\jaxb-core-4.0.5.jar;C:\Users\ANDRES\.m2\repository\org\eclipse\angus\angus-activation\2.0.2\angus-activation-2.0.2.jar;C:\Users\ANDRES\.m2\repository\org\glassfish\jaxb\txw2\4.0.5\txw2-4.0.5.ja
Launcher Type: SUN_STANDARD

[Global flags]
     intx CICompilerCount                          = 3                                         {product} {ergonomic}
     uint ConcGCThreads                            = 1                                         {product} {ergonomic}
     uint G1ConcRefinementThreads                  = 4                                         {product} {ergonomic}
   size_t G1HeapRegionSize                         = 1048576                                   {product} {ergonomic}
    uintx GCDrainStackTargetSize                   = 64                                        {product} {ergonomic}
   size_t InitialHeapSize                          = 65011712                                  {product} {ergonomic}
   size_t MarkStackSize                            = 4194304                                   {product} {ergonomic}
   size_t MaxHeapSize                              = 1027604480                                {product} {ergonomic}
   size_t MaxNewSize                               = 616562688                                 {product} {ergonomic}
   size_t MinHeapDeltaBytes                        = 1048576                                   {product} {ergonomic}
   size_t MinHeapSize                              = 8388608                                   {product} {ergonomic}
    uintx NonNMethodCodeHeapSize                   = 5832780                                {pd product} {ergonomic}
    uintx NonProfiledCodeHeapSize                  = 122912730                              {pd product} {ergonomic}
    uintx ProfiledCodeHeapSize                     = 122912730                              {pd product} {ergonomic}
    uintx ReservedCodeCacheSize                    = 251658240                              {pd product} {ergonomic}
     bool SegmentedCodeCache                       = true                                      {product} {ergonomic}
     bool ShowCodeDetailsInExceptionMessages       = true                                   {manageable} {command line}
   size_t SoftMaxHeapSize                          = 1027604480                             {manageable} {ergonomic}
     bool UseCompressedClassPointers               = true                           {product lp64_product} {ergonomic}
     bool UseCompressedOops                        = true                           {product lp64_product} {ergonomic}
     bool UseG1GC                                  = true                                      {product} {ergonomic}
     bool UseLargePagesIndividualAllocation        = false                                  {pd product} {ergonomic}

Logging:
Log output configuration:
 #0: stdout all=warning uptime,level,tags
 #1: stderr all=off uptime,level,tags

Environment Variables:
PATH=C:\Program Files\Common Files\Oracle\Java\javapath;C:\Program Files (x86)\Common Files\Oracle\Java\javapath;C:\Windows\system32;C:\Windows;C:\Windows\System32\Wbem;C:\Windows\System32\WindowsPowerShell\v1.0\;C:\Windows\System32\OpenSSH\;C:\Program Files\Git\cmd;C:\Program Files\nodejs\;C:\ProgramData\chocolatey\bin;C:\Users\ANDRES\AppData\Local\Programs\Python\Python311\Scripts\;C:\Users\ANDRES\AppData\Local\Programs\Python\Python311\;C:\Users\ANDRES\AppData\Local\Microsoft\WindowsApps;;C:\Users\ANDRES\AppData\Local\Programs\Microsoft VS Code\bin;C:\Users\ANDRES\AppData\Roaming\npm
USERNAME=ANDRES
LANG=es_ES.UTF-8
OS=Windows_NT
PROCESSOR_IDENTIFIER=Intel64 Family 6 Model 142 Stepping 12, GenuineIntel
TMP=C:\Users\ANDRES\AppData\Local\Temp
TEMP=C:\Users\ANDRES\AppData\Local\Temp



Periodic native trim disabled


---------------  S Y S T E M  ---------------

OS:
 Windows 10 , 64 bit Build 19041 (10.0.19041.3636)
OS uptime: 1 days 8:53 hours

CPU: total 4 (initial active 4) (2 cores per cpu, 2 threads per core) family 6 model 142 stepping 12 microcode 0xea, cx8, cmov, fxsr, ht, mmx, 3dnowpref, sse, sse2, sse3, ssse3, sse4.1, sse4.2, popcnt, lzcnt, tsc, tscinvbit, avx, avx2, aes, erms, clmul, bmi1, bmi2, adx, fma, vzeroupper, clflush, clflushopt
Processor Information for all 4 processors :
  Max Mhz: 2592, Current Mhz: 2093, Mhz Limit: 2073

Memory: 4k page, system-wide physical 3918M (160M free)
TotalPageFile size 15694M (AvailPageFile size 5M)
current process WorkingSet (physical memory assigned to process): 178M, peak: 182M
current process commit charge ("private bytes"): 205M, peak: 208M

vm_info: OpenJDK 64-Bit Server VM (17.0.10+7) for windows-amd64 JRE (17.0.10+7), built on Jan 16 2024 23:25:11 by "admin" with MS VC++ 16.10 / 16.11 (VS2019)

END.
